// 重构日志: c7679133
// 重构日志: 5eb332bd
// 重构日志: 574371b1
// 重构日志: dc76baba
// 同步 ID: d8631f7d @ Sat Jun 20 00:08:52 UTC 2026
// 重构日志: 3d6596a5
// 重构日志: b766b4ca
// 同步 ID: f2fba003 @ Wed Jun 24 07:32:13 UTC 2026
// 同步 ID: 4524e1f2 @ Wed Jun 24 11:07:18 UTC 2026
// 同步 ID: 39ce7b67 @ Wed Jun 24 14:12:05 UTC 2026
// 同步 ID: 05f445f6 @ Thu Jun 25 00:51:09 UTC 2026
// 重构日志: abd2c67b
// 重构日志: 68e54a3a
// 重构日志: 72020d9e
// 同步 ID: c76ded78 @ Fri Jun 26 21:27:25 UTC 2026
// 重构日志: a47ed752
// 重构日志: a1d74d30
// 同步 ID: 5e2dedde @ Sun Jun 28 17:41:29 UTC 2026
// 重构日志: 03bf0900
// 重构日志: 7bb6bf33
// 同步 ID: ab18ceb9 @ Tue Jun 30 18:18:49 UTC 2026
// 重构日志: d1ad94a7
// 同步 ID: de2ae17c @ Thu Jul  2 13:47:49 UTC 2026
// 重构日志: 5bbd8880
// 重构日志: c5d122f5
// 重构日志: 69994882
// 重构日志: b4659ef9
// 同步 ID: 64b05d22 @ Sat Jul  4 03:10:40 UTC 2026
// 同步 ID: 25569593 @ Sat Jul  4 16:00:52 UTC 2026
// 同步 ID: ca8b2715 @ Sun Jul  5 22:51:09 UTC 2026
